<?xml version="1.0" encoding="UTF-8"?>
<!-- Generated by org.testng.reporters.JUnitXMLReporter -->
<testsuite hostname="MAVBCP3521" ignored="1" name="Command line test" tests="8" failures="0" timestamp="2021-10-14T11:07:28 IST" time="0.227" errors="0">
  <testcase name="@BeforeMethod setUp" time="0.119" classname="com.maven.WaitTest">
    <failure type="java.lang.IllegalStateException" message="The path to the driver executable must be set by the webdriver.chrome.driver system property; for more information, see https://github.com/SeleniumHQ/selenium/wiki/ChromeDriver. The latest version can be downloaded from http://chromedriver.storage.googleapis.com/index.html">
      <![CDATA[java.lang.IllegalStateException: The path to the driver executable must be set by the webdriver.chrome.driver system property; for more information, see https://github.com/SeleniumHQ/selenium/wiki/ChromeDriver. The latest version can be downloaded from http://chromedriver.storage.googleapis.com/index.html
at com.google.common.base.Preconditions.checkState(Preconditions.java:847)
at org.openqa.selenium.remote.service.DriverService.findExecutable(DriverService.java:134)
at org.openqa.selenium.chrome.ChromeDriverService.access$000(ChromeDriverService.java:35)
at org.openqa.selenium.chrome.ChromeDriverService$Builder.findDefaultExecutable(ChromeDriverService.java:159)
at org.openqa.selenium.remote.service.DriverService$Builder.build(DriverService.java:355)
at org.openqa.selenium.chrome.ChromeDriverService.createDefaultService(ChromeDriverService.java:94)
at org.openqa.selenium.chrome.ChromeDriver.<init>(ChromeDriver.java:123)
at com.maven.WaitTest.setUp(WaitTest.java:22)
at java.util.ArrayList.forEach(ArrayList.java:1257)
... Removed 41 stack frames]]>
    </failure>
  </testcase> <!-- @BeforeMethod setUp -->
  <testcase name="@AfterMethod tearDown" time="-1.634189848455E9" classname="com.maven.WaitTest">
    <skipped/>
  </testcase> <!-- @AfterMethod tearDown -->
  <testcase name="StartTheCar" time="0.008" classname="com.maven.SkipATestCase"/>
  <testcase name="PutSecondGear" time="0.0" classname="com.maven.SkipATestCase"/>
  <testcase name="PutThirdGear" time="0.001" classname="com.maven.SkipATestCase"/>
  <testcase name="PutFourthGear" time="0.0" classname="com.maven.SkipATestCase"/>
  <testcase name="StartTheMusic" time="0.002" classname="com.maven.SkipATestCase"/>
  <testcase name="Method1" time="0.0" classname="com.maven.TestNGDemo"/>
  <testcase name="Method2" time="0.0" classname="com.maven.TestNGDemo"/>
  <testcase name="testUntitled" time="0.0" classname="com.maven.WaitTest">
    <skipped/>
  </testcase> <!-- testUntitled -->
  <testcase name="PutFirstGear" time="0.0" classname="com.maven.SkipATestCase">
    <ignored/>
  </testcase> <!-- PutFirstGear -->
</testsuite> <!-- Command line test -->
